#
# A fatal error has been detected by the Java Runtime Environment:
#
#  EXCEPTION_ACCESS_VIOLATION (0xc0000005) at pc=0x000000007163f57e, pid=5020, tid=0x0000000000001c6c
#
# JRE version: OpenJDK Runtime Environment (8.0_212-b04) (build 1.8.0_212-release-1586-b04)
# Java VM: OpenJDK 64-Bit Server VM (25.212-b04 mixed mode windows-amd64 compressed oops)
# Problematic frame:
# V  [jvm.dll+0xef57e]
#
# Failed to write core dump. Minidumps are not enabled by default on client versions of Windows
#
# If you would like to submit a bug report, please visit:
#   
#

---------------  T H R E A D  ---------------

Current thread (0x0000000002797000):  GCTaskThread [stack: 0x0000000012150000,0x0000000012250000] [id=7276]

siginfo: ExceptionCode=0xc0000005, reading address 0x0000000000000310

Registers:
RAX=0x0000000000000228, RBX=0x00000000b502f7b0, RCX=0x000000010029eed8, RDX=0x00000000b502f7b0
RSP=0x000000001224f840, RBP=0x00000000b502f7a0, RSI=0x0000000016113e70, RDI=0x0000000016113e70
R8 =0x000000010029eed8, R9 =0x0000000000000000, R10=0x000000000000000c, R11=0x0000000071b1ade8
R12=0x00000000b502f7ac, R13=0x000000010009f0f0, R14=0x000000010009f0f8, R15=0x00000000b502f788
RIP=0x000000007163f57e, EFLAGS=0x0000000000010246

Top of Stack: (sp=0x000000001224f840)
0x000000001224f840:   000000010009eed8 00000000b502ecb4
0x000000001224f850:   0000000000000005 0000000071746622
0x000000001224f860:   0000000000000000 00000000000003d8
0x000000001224f870:   0000000002797c88 000000000278eaa0
0x000000001224f880:   0000000000003f5c 0000000071915f60
0x000000001224f890:   00000000167cbb20 00000000160c5600
0x000000001224f8a0:   0000000016113e70 00000000027978b0
0x000000001224f8b0:   0000000000000000 0000000000000c00
0x000000001224f8c0:   0000000000000000 0000000000000000
0x000000001224f8d0:   0000000000000000 0000000028e85800
0x000000001224f8e0:   0000000002797801 0000000002797801
0x000000001224f8f0:   00003d762c9ccb43 0000000002797c88
0x000000001224f900:   00000000027978b0 00000000000003d8
0x000000001224f910:   00000000027978b0 000000000278eaa0
0x000000001224f920:   00000000027978a0 00000000160c5600
0x000000001224f930:   0000000016113e70 0000000071912c43 

Instructions: (pc=0x000000007163f57e)
0x000000007163f55e:   48 ff c8 4c 8d 0c 10 48 f7 d0 49 c1 e9 03 48 c1
0x000000007163f56e:   e8 03 44 23 c8 eb 12 49 8b 00 48 8b d3 49 8b c8
0x000000007163f57e:   ff 90 e8 00 00 00 44 8b c8 49 63 f1 48 8d 0d 9f
0x000000007163f58e:   a9 6d 00 48 8b d3 4c 8b c6 e8 c4 2c 2d 00 84 c0 


Register to memory mapping:

RAX=0x0000000000000228 is an unknown value
RBX=
[error occurred during error reporting (printing register info), id 0xc0000005]

Stack: [0x0000000012150000,0x0000000012250000],  sp=0x000000001224f840,  free space=1022k
Native frames: (J=compiled Java code, j=interpreted, Vv=VM code, C=native code)
V  [jvm.dll+0xef57e]
V  [jvm.dll+0x3c5f60]
V  [jvm.dll+0x3c2c43]
V  [jvm.dll+0x3c0a0e]
V  [jvm.dll+0x26f53a]
C  [msvcr100.dll+0x21d9f]
C  [msvcr100.dll+0x21e3b]
C  [KERNEL32.DLL+0x16fd4]
C  [ntdll.dll+0x4cec1]


---------------  P R O C E S S  ---------------

Java Threads: ( => current thread )
  0x0000000028e82800 JavaThread "WorkerExecutor Queue Thread 3" [_thread_blocked, id=10332, stack(0x0000000020f30000,0x0000000021030000)]
  0x0000000028e86000 JavaThread "WorkerExecutor Queue Thread 2" [_thread_blocked, id=10744, stack(0x0000000020e30000,0x0000000020f30000)]
  0x0000000028e85800 JavaThread "WorkerExecutor Queue" [_thread_blocked, id=8612, stack(0x0000000020730000,0x0000000020830000)]
  0x000000002a1b5800 JavaThread "Exec process Thread 9" [_thread_blocked, id=8808, stack(0x0000000034f80000,0x0000000035080000)]
  0x000000002a1b1000 JavaThread "Exec process Thread 8" [_thread_blocked, id=6160, stack(0x0000000034e80000,0x0000000034f80000)]
  0x000000002a1b4000 JavaThread "Exec process Thread 7" [_thread_blocked, id=6608, stack(0x0000000034d80000,0x0000000034e80000)]
  0x000000002a1ae800 JavaThread "Cache worker for execution history cache (E:\My projects\petkon-master\android\.gradle\6.7\executionHistory)" [_thread_blocked, id=4744, stack(0x0000000034c80000,0x0000000034d80000)]
  0x00000000198ad000 JavaThread "Execution worker for ':' Thread 3" [_thread_blocked, id=6764, stack(0x0000000034b80000,0x0000000034c80000)]
  0x0000000028e8b800 JavaThread "Execution worker for ':' Thread 2" [_thread_blocked, id=5196, stack(0x0000000034a80000,0x0000000034b80000)]
  0x0000000028e8d000 JavaThread "Execution worker for ':'" [_thread_blocked, id=7420, stack(0x0000000034980000,0x0000000034a80000)]
  0x0000000018471800 JavaThread "Build operations Thread 4" [_thread_blocked, id=6352, stack(0x0000000020360000,0x0000000020460000)]
  0x0000000018476000 JavaThread "Build operations Thread 3" [_thread_blocked, id=976, stack(0x0000000020260000,0x0000000020360000)]
  0x0000000018477000 JavaThread "Build operations Thread 2" [_thread_blocked, id=11224, stack(0x0000000020160000,0x0000000020260000)]
  0x0000000018475800 JavaThread "Build operations" [_thread_blocked, id=10000, stack(0x0000000020060000,0x0000000020160000)]
  0x0000000018473000 JavaThread "Cache worker for Build Output Cleanup Cache (E:\My projects\petkon-master\android\.gradle\buildOutputCleanup)" [_thread_blocked, id=9036, stack(0x000000001ff60000,0x0000000020060000)]
  0x000000001846b800 JavaThread "Cache worker for cache directory md-rule (C:\Users\aman\.gradle\caches\6.7\md-rule)" [_thread_blocked, id=11216, stack(0x000000001e4a0000,0x000000001e5a0000)]
  0x0000000018472800 JavaThread "Cache worker for cache directory md-supplier (C:\Users\aman\.gradle\caches\6.7\md-supplier)" [_thread_blocked, id=11176, stack(0x000000001dca0000,0x000000001dda0000)]
  0x0000000018470000 JavaThread "Cache worker for checksums cache (E:\My projects\petkon-master\android\.gradle\checksums)" [_thread_blocked, id=9656, stack(0x000000001dba0000,0x000000001dca0000)]
  0x000000001846f800 JavaThread "Cache worker for file hash cache (E:\My projects\petkon-master\android\.gradle\6.7\fileHashes)" [_thread_blocked, id=10932, stack(0x000000001d8a0000,0x000000001d9a0000)]
  0x000000001846c800 JavaThread "Thread-289" [_thread_blocked, id=10752, stack(0x000000001d7a0000,0x000000001d8a0000)]
  0x0000000018471000 JavaThread "Stdin handler" [_thread_blocked, id=7896, stack(0x000000001ad00000,0x000000001ae00000)]
  0x0000000018468000 JavaThread "Asynchronous log dispatcher for DefaultDaemonConnection: socket connection from /127.0.0.1:50079 to /127.0.0.1:59067" [_thread_blocked, id=6916, stack(0x000000001aa00000,0x000000001ab00000)]
  0x000000001846a000 JavaThread "Daemon worker Thread 3" [_thread_blocked, id=6536, stack(0x000000001a400000,0x000000001a500000)]
  0x000000001846e800 JavaThread "Cancel handler" [_thread_blocked, id=6652, stack(0x000000001a0c0000,0x000000001a1c0000)]
  0x0000000018468800 JavaThread "Handler for socket connection from /127.0.0.1:50079 to /127.0.0.1:59067" [_thread_in_native, id=11204, stack(0x0000000018250000,0x0000000018350000)]
  0x000000001846e000 JavaThread "Daemon Thread 3" [_thread_blocked, id=3348, stack(0x0000000002680000,0x0000000002780000)]
  0x00000000198b1000 JavaThread "Memory manager" [_thread_blocked, id=2820, stack(0x0000000000c50000,0x0000000000d50000)]
  0x0000000019806000 JavaThread "Cache worker for file content cache (C:\Users\aman\.gradle\caches\6.7\fileContent)" [_thread_blocked, id=10704, stack(0x000000001e5a0000,0x000000001e6a0000)]
  0x000000001980a800 JavaThread "Cache worker for execution history cache (C:\Users\aman\.gradle\caches\6.7\executionHistory)" [_thread_blocked, id=6664, stack(0x000000001dda0000,0x000000001dea0000)]
  0x000000001980a000 JavaThread "Cache worker for journal cache (C:\Users\aman\.gradle\caches\journal-1)" [_thread_blocked, id=4768, stack(0x000000001d2a0000,0x000000001d3a0000)]
  0x0000000019809000 JavaThread "File lock request listener" [_thread_in_native, id=10596, stack(0x000000001c1d0000,0x000000001c2d0000)]
  0x00000000184c9000 JavaThread "Cache worker for file hash cache (C:\Users\aman\.gradle\caches\6.7\fileHashes)" [_thread_blocked, id=4064, stack(0x000000001bfd0000,0x000000001c0d0000)]
  0x0000000018eff800 JavaThread "Daemon periodic checks" [_thread_blocked, id=8376, stack(0x000000001a500000,0x000000001a600000)]
  0x00000000195be000 JavaThread "Incoming local TCP Connector on port 50079" [_thread_in_native, id=780, stack(0x000000001a1c0000,0x000000001a2c0000)]
  0x0000000017e13800 JavaThread "Daemon health stats" [_thread_blocked, id=3404, stack(0x0000000018150000,0x0000000018250000)]
  0x000000001624c800 JavaThread "Service Thread" daemon [_thread_blocked, id=7860, stack(0x0000000017f50000,0x0000000018050000)]
  0x0000000017a58800 JavaThread "C1 CompilerThread2" daemon [_thread_blocked, id=8936, stack(0x0000000017e50000,0x0000000017f50000)]
  0x00000000161f7000 JavaThread "C2 CompilerThread1" daemon [_thread_blocked, id=9616, stack(0x0000000017950000,0x0000000017a50000)]
  0x00000000161f2800 JavaThread "C2 CompilerThread0" daemon [_thread_blocked, id=1688, stack(0x0000000017850000,0x0000000017950000)]
  0x00000000161f1800 JavaThread "Attach Listener" daemon [_thread_blocked, id=8764, stack(0x0000000017750000,0x0000000017850000)]
  0x00000000161f0000 JavaThread "Signal Dispatcher" daemon [_thread_blocked, id=10856, stack(0x0000000017650000,0x0000000017750000)]
  0x0000000002875000 JavaThread "Finalizer" daemon [_thread_blocked, id=11048, stack(0x0000000017450000,0x0000000017550000)]
  0x00000000161d9000 JavaThread "Reference Handler" daemon [_thread_blocked, id=6264, stack(0x0000000017350000,0x0000000017450000)]
  0x000000000252e000 JavaThread "main" [_thread_blocked, id=4100, stack(0x0000000002530000,0x0000000002630000)]

Other Threads:
  0x00000000161b7800 VMThread [stack: 0x0000000017250000,0x0000000017350000] [id=6132]
  0x000000001624d800 WatcherThread [stack: 0x0000000018050000,0x0000000018150000] [id=7416]

=>0x0000000002797000 (exited) GCTaskThread [stack: 0x0000000012150000,0x0000000012250000] [id=7276]

VM state:at safepoint (normal execution)

VM Mutex/Monitor currently owned by a thread:  ([mutex/lock_event])
[0x000000000252db90] Threads_lock - owner thread: 0x00000000161b7800
[0x000000000252d410] Heap_lock - owner thread: 0x0000000028e85800

heap address: 0x00000000a0000000, size: 1536 MB, Compressed Oops mode: 32-bit
Narrow klass base: 0x0000000000000000, Narrow klass shift: 3
Compressed class space size: 1073741824 Address: 0x0000000100000000

Heap:
 PSYoungGen      total 430080K, used 52832K [0x00000000e0000000, 0x0000000100000000, 0x0000000100000000)
  eden space 365568K, 0% used [0x00000000e0000000,0x00000000e0000000,0x00000000f6500000)
  from space 64512K, 81% used [0x00000000f6500000,0x00000000f98980d8,0x00000000fa400000)
  to   space 71168K, 0% used [0x00000000fba80000,0x00000000fba80000,0x0000000100000000)
 ParOldGen       total 413184K, used 398872K [0x00000000a0000000, 0x00000000b9380000, 0x00000000e0000000)
  object space 413184K, 96% used [0x00000000a0000000,0x00000000b8586198,0x00000000b9380000)
 Metaspace       used 86492K, capacity 94770K, committed 95104K, reserved 1130496K
  class space    used 11540K, capacity 13101K, committed 13184K, reserved 1048576K

Card table byte_map: [0x0000000011c40000,0x0000000011f50000] byte_map_base: 0x0000000011740000

Marking Bits: (ParMarkBitMap*) 0x0000000071d19f30
 Begin Bits: [0x0000000012550000, 0x0000000013d50000)
 End Bits:   [0x0000000013d50000, 0x0000000015550000)

Polling page: 0x0000000000a50000

CodeCache: size=245760Kb used=51183Kb max_used=51744Kb free=194576Kb
 bounds [0x0000000002880000, 0x0000000005b80000, 0x0000000011880000]
 total_blobs=16253 nmethods=15423 adapters=741
 compilation: enabled

Compilation events (10 events):
Event: 7552.706 Thread 0x0000000017a58800 19537       1       org.gradle.api.internal.artifacts.ivyservice.resolveengine.artifact.ResolvedArtifactSet$1::startVisit (4 bytes)
Event: 7552.707 Thread 0x0000000017a58800 nmethod 19537 0x0000000003f19e10 code [0x0000000003f19f60, 0x0000000003f1a070]
Event: 7552.884 Thread 0x00000000161f7000 nmethod 19432 0x0000000005b61a10 code [0x0000000005b623e0, 0x0000000005b69e30]
Event: 7552.885 Thread 0x00000000161f7000 19536       4       org.gradle.api.internal.tasks.TaskPropertyUtils::visitProperties (64 bytes)
Event: 7552.935 Thread 0x00000000161f7000 nmethod 19536 0x0000000003d1cc50 code [0x0000000003d1ce60, 0x0000000003d1d6d0]
Event: 7552.935 Thread 0x00000000161f7000 19538   !   4       com.google.common.collect.Synchronized$SynchronizedCollection::toArray (24 bytes)
Event: 7552.994 Thread 0x00000000161f7000 nmethod 19538 0x0000000003c0dad0 code [0x0000000003c0dca0, 0x0000000003c0eb88]
Event: 7553.059 Thread 0x00000000161f7000 19539       4       org.gradle.api.DefaultTask::getLocalState (5 bytes)
Event: 7553.060 Thread 0x00000000161f7000 nmethod 19539 0x0000000003aeed50 code [0x0000000003aeee80, 0x0000000003aeeed8]
Event: 7553.087 Thread 0x00000000161f2800 nmethod 19535 0x000000000466e210 code [0x000000000466e7a0, 0x0000000004672968]

GC Heap History (10 events):
Event: 448.407 GC heap after
Heap after GC invocations=23 (full 4):
 PSYoungGen      total 389632K, used 15088K [0x00000000e0000000, 0x00000000fe180000, 0x0000000100000000)
  eden space 344576K, 0% used [0x00000000e0000000,0x00000000e0000000,0x00000000f5080000)
  from space 45056K, 33% used [0x00000000f5080000,0x00000000f5f3c2a0,0x00000000f7c80000)
  to   space 43008K, 0% used [0x00000000fb780000,0x00000000fb780000,0x00000000fe180000)
 ParOldGen       total 373760K, used 251200K [0x00000000a0000000, 0x00000000b6d00000, 0x00000000e0000000)
  object space 373760K, 67% used [0x00000000a0000000,0x00000000af550038,0x00000000b6d00000)
 Metaspace       used 85122K, capacity 93244K, committed 93440K, reserved 1130496K
  class space    used 11507K, capacity 13056K, committed 13056K, reserved 1048576K
}
Event: 475.510 GC heap before
{Heap before GC invocations=24 (full 4):
 PSYoungGen      total 389632K, used 359664K [0x00000000e0000000, 0x00000000fe180000, 0x0000000100000000)
  eden space 344576K, 100% used [0x00000000e0000000,0x00000000f5080000,0x00000000f5080000)
  from space 45056K, 33% used [0x00000000f5080000,0x00000000f5f3c2a0,0x00000000f7c80000)
  to   space 43008K, 0% used [0x00000000fb780000,0x00000000fb780000,0x00000000fe180000)
 ParOldGen       total 373760K, used 251200K [0x00000000a0000000, 0x00000000b6d00000, 0x00000000e0000000)
  object space 373760K, 67% used [0x00000000a0000000,0x00000000af550038,0x00000000b6d00000)
 Metaspace       used 85658K, capacity 93884K, committed 94080K, reserved 1130496K
  class space    used 11517K, capacity 13072K, committed 13184K, reserved 1048576K
Event: 475.739 GC heap after
Heap after GC invocations=24 (full 4):
 PSYoungGen      total 438272K, used 42978K [0x00000000e0000000, 0x00000000ff600000, 0x0000000100000000)
  eden space 395264K, 0% used [0x00000000e0000000,0x00000000e0000000,0x00000000f8200000)
  from space 43008K, 99% used [0x00000000fb780000,0x00000000fe1788f8,0x00000000fe180000)
  to   space 54784K, 0% used [0x00000000f8200000,0x00000000f8200000,0x00000000fb780000)
 ParOldGen       total 373760K, used 263943K [0x00000000a0000000, 0x00000000b6d00000, 0x00000000e0000000)
  object space 373760K, 70% used [0x00000000a0000000,0x00000000b01c1c08,0x00000000b6d00000)
 Metaspace       used 85658K, capacity 93884K, committed 94080K, reserved 1130496K
  class space    used 11517K, capacity 13072K, committed 13184K, reserved 1048576K
}
Event: 6684.401 GC heap before
{Heap before GC invocations=25 (full 4):
 PSYoungGen      total 438272K, used 438242K [0x00000000e0000000, 0x00000000ff600000, 0x0000000100000000)
  eden space 395264K, 100% used [0x00000000e0000000,0x00000000f8200000,0x00000000f8200000)
  from space 43008K, 99% used [0x00000000fb780000,0x00000000fe1788f8,0x00000000fe180000)
  to   space 54784K, 0% used [0x00000000f8200000,0x00000000f8200000,0x00000000fb780000)
 ParOldGen       total 373760K, used 263943K [0x00000000a0000000, 0x00000000b6d00000, 0x00000000e0000000)
  object space 373760K, 70% used [0x00000000a0000000,0x00000000b01c1c08,0x00000000b6d00000)
 Metaspace       used 85976K, capacity 94270K, committed 94592K, reserved 1130496K
  class space    used 11528K, capacity 13083K, committed 13184K, reserved 1048576K
Event: 6685.566 GC heap after
Heap after GC invocations=25 (full 4):
 PSYoungGen      total 390144K, used 9968K [0x00000000e0000000, 0x00000000fdb00000, 0x0000000100000000)
  eden space 379904K, 0% used [0x00000000e0000000,0x00000000e0000000,0x00000000f7300000)
  from space 10240K, 97% used [0x00000000f8200000,0x00000000f8bbc010,0x00000000f8c00000)
  to   space 53248K, 0% used [0x00000000fa700000,0x00000000fa700000,0x00000000fdb00000)
 ParOldGen       total 373760K, used 303759K [0x00000000a0000000, 0x00000000b6d00000, 0x00000000e0000000)
  object space 373760K, 81% used [0x00000000a0000000,0x00000000b28a3da8,0x00000000b6d00000)
 Metaspace       used 85976K, capacity 94270K, committed 94592K, reserved 1130496K
  class space    used 11528K, capacity 13083K, committed 13184K, reserved 1048576K
}
Event: 7547.707 GC heap before
{Heap before GC invocations=26 (full 4):
 PSYoungGen      total 390144K, used 389872K [0x00000000e0000000, 0x00000000fdb00000, 0x0000000100000000)
  eden space 379904K, 100% used [0x00000000e0000000,0x00000000f7300000,0x00000000f7300000)
  from space 10240K, 97% used [0x00000000f8200000,0x00000000f8bbc010,0x00000000f8c00000)
  to   space 53248K, 0% used [0x00000000fa700000,0x00000000fa700000,0x00000000fdb00000)
 ParOldGen       total 373760K, used 303759K [0x00000000a0000000, 0x00000000b6d00000, 0x00000000e0000000)
  object space 373760K, 81% used [0x00000000a0000000,0x00000000b28a3da8,0x00000000b6d00000)
 Metaspace       used 86423K, capacity 94728K, committed 94848K, reserved 1130496K
  class space    used 11536K, capacity 13094K, committed 13184K, reserved 1048576K
Event: 7547.894 GC heap after
Heap after GC invocations=26 (full 4):
 PSYoungGen      total 418816K, used 53218K [0x00000000e0000000, 0x00000000fe300000, 0x0000000100000000)
  eden space 365568K, 0% used [0x00000000e0000000,0x00000000e0000000,0x00000000f6500000)
  from space 53248K, 99% used [0x00000000fa700000,0x00000000fdaf88e8,0x00000000fdb00000)
  to   space 64512K, 0% used [0x00000000f6500000,0x00000000f6500000,0x00000000fa400000)
 ParOldGen       total 373760K, used 309647K [0x00000000a0000000, 0x00000000b6d00000, 0x00000000e0000000)
  object space 373760K, 82% used [0x00000000a0000000,0x00000000b2e63dc8,0x00000000b6d00000)
 Metaspace       used 86423K, capacity 94728K, committed 94848K, reserved 1130496K
  class space    used 11536K, capacity 13094K, committed 13184K, reserved 1048576K
}
Event: 7553.127 GC heap before
{Heap before GC invocations=27 (full 4):
 PSYoungGen      total 418816K, used 418786K [0x00000000e0000000, 0x00000000fe300000, 0x0000000100000000)
  eden space 365568K, 100% used [0x00000000e0000000,0x00000000f6500000,0x00000000f6500000)
  from space 53248K, 99% used [0x00000000fa700000,0x00000000fdaf88e8,0x00000000fdb00000)
  to   space 64512K, 0% used [0x00000000f6500000,0x00000000f6500000,0x00000000fa400000)
 ParOldGen       total 373760K, used 309708K [0x00000000a0000000, 0x00000000b6d00000, 0x00000000e0000000)
  object space 373760K, 82% used [0x00000000a0000000,0x00000000b2e73270,0x00000000b6d00000)
 Metaspace       used 86492K, capacity 94770K, committed 95104K, reserved 1130496K
  class space    used 11540K, capacity 13101K, committed 13184K, reserved 1048576K
Event: 7553.394 GC heap after
Heap after GC invocations=27 (full 4):
 PSYoungGen      total 430080K, used 52832K [0x00000000e0000000, 0x0000000100000000, 0x0000000100000000)
  eden space 365568K, 0% used [0x00000000e0000000,0x00000000e0000000,0x00000000f6500000)
  from space 64512K, 81% used [0x00000000f6500000,0x00000000f98980d8,0x00000000fa400000)
  to   space 71168K, 0% used [0x00000000fba80000,0x00000000fba80000,0x0000000100000000)
 ParOldGen       total 413184K, used 398872K [0x00000000a0000000, 0x00000000b9380000, 0x00000000e0000000)
  object space 413184K, 96% used [0x00000000a0000000,0x00000000b8586198,0x00000000b9380000)
 Metaspace       used 86492K, capacity 94770K, committed 95104K, reserved 1130496K
  class space    used 11540K, capacity 13101K, committed 13184K, reserved 1048576K
}
Event: 7553.395 GC heap before
{Heap before GC invocations=28 (full 5):
 PSYoungGen      total 430080K, used 52832K [0x00000000e0000000, 0x0000000100000000, 0x0000000100000000)
  eden space 365568K, 0% used [0x00000000e0000000,0x00000000e0000000,0x00000000f6500000)
  from space 64512K, 81% used [0x00000000f6500000,0x00000000f98980d8,0x00000000fa400000)
  to   space 71168K, 0% used [0x00000000fba80000,0x00000000fba80000,0x0000000100000000)
 ParOldGen       total 413184K, used 398872K [0x00000000a0000000, 0x00000000b9380000, 0x00000000e0000000)
  object space 413184K, 96% used [0x00000000a0000000,0x00000000b8586198,0x00000000b9380000)
 Metaspace       used 86492K, capacity 94770K, committed 95104K, reserved 1130496K
  class space    used 11540K, capacity 13101K, committed 13184K, reserved 1048576K

Deoptimization events (10 events):
Event: 7470.766 Thread 0x000000001846a000 Uncommon trap: reason=null_check action=make_not_entrant pc=0x0000000005aff2ac method=org.gradle.api.internal.tasks.properties.bean.AbstractNestedRuntimeBeanNode$BeanPropertyValue.isBuildable()Z @ 9
Event: 7470.771 Thread 0x000000001846a000 Uncommon trap: reason=null_assert action=make_not_entrant pc=0x0000000005b05fe0 method=org.gradle.api.internal.tasks.DefaultTaskDependency.visitDependencies(Lorg/gradle/api/internal/tasks/TaskDependencyResolveContext;)V @ 284
Event: 7541.063 Thread 0x000000002a1b1000 Uncommon trap: reason=unstable_if action=reinterpret pc=0x00000000055e4404 method=org.gradle.launcher.daemon.server.exec.LogToClient$AsynchronousLogDispatcher$1.isMatchingBuildLogLevel(Lorg/gradle/internal/logging/events/OutputEvent;)Z @ 18
Event: 7550.823 Thread 0x0000000028e8b800 Uncommon trap: reason=class_check action=maybe_recompile pc=0x000000000331f430 method=com.google.common.collect.AbstractMapBasedMultimap.wrapList(Ljava/lang/Object;Ljava/util/List;Lcom/google/common/collect/AbstractMapBasedMultimap$WrappedCollection;)Ljav
Event: 7550.824 Thread 0x0000000028e8b800 Uncommon trap: reason=class_check action=maybe_recompile pc=0x0000000004412f38 method=com.google.common.collect.CompactHashMap$Itr.<init>(Lcom/google/common/collect/CompactHashMap;)V @ 25
Event: 7550.826 Thread 0x0000000028e8b800 Uncommon trap: reason=class_check action=maybe_recompile pc=0x000000000331f430 method=com.google.common.collect.AbstractMapBasedMultimap.wrapList(Ljava/lang/Object;Ljava/util/List;Lcom/google/common/collect/AbstractMapBasedMultimap$WrappedCollection;)Ljav
Event: 7550.826 Thread 0x0000000028e8b800 Uncommon trap: reason=class_check action=maybe_recompile pc=0x0000000004412f38 method=com.google.common.collect.CompactHashMap$Itr.<init>(Lcom/google/common/collect/CompactHashMap;)V @ 25
Event: 7551.253 Thread 0x0000000028e8d000 Uncommon trap: reason=unstable_if action=reinterpret pc=0x0000000002d52a78 method=java.util.concurrent.ConcurrentHashMap.transfer([Ljava/util/concurrent/ConcurrentHashMap$Node;[Ljava/util/concurrent/ConcurrentHashMap$Node;)V @ 34
Event: 7551.253 Thread 0x000000001846a000 Uncommon trap: reason=unstable_if action=reinterpret pc=0x0000000002d52aa8 method=java.util.concurrent.ConcurrentHashMap.transfer([Ljava/util/concurrent/ConcurrentHashMap$Node;[Ljava/util/concurrent/ConcurrentHashMap$Node;)V @ 277
Event: 7551.253 Thread 0x000000001846a000 Uncommon trap: reason=unstable_if action=reinterpret pc=0x00000000056a9168 method=java.util.concurrent.ConcurrentHashMap.addCount(JI)V @ 168

Classes redefined (0 events):
No events

Internal exceptions (10 events):
Event: 7550.795 Thread 0x0000000028e8b800 Exception <a 'sun/nio/fs/WindowsException'> (0x00000000e7505338) thrown at [D:\src\AOSP-openjdk-cygwin\jdk8u\hotspot\src\share\vm\prims\jni.cpp, line 710]
Event: 7550.795 Thread 0x0000000028e8b800 Exception <a 'sun/nio/fs/WindowsException'> (0x00000000e75063e8) thrown at [D:\src\AOSP-openjdk-cygwin\jdk8u\hotspot\src\share\vm\prims\jni.cpp, line 710]
Event: 7550.835 Thread 0x0000000028e85800 Exception <a 'sun/nio/fs/WindowsException'> (0x00000000e76397d0) thrown at [D:\src\AOSP-openjdk-cygwin\jdk8u\hotspot\src\share\vm\prims\jni.cpp, line 710]
Event: 7550.835 Thread 0x0000000028e85800 Exception <a 'sun/nio/fs/WindowsException'> (0x00000000e7639c78) thrown at [D:\src\AOSP-openjdk-cygwin\jdk8u\hotspot\src\share\vm\prims\jni.cpp, line 710]
Event: 7550.851 Thread 0x00000000198ad000 Exception <a 'sun/nio/fs/WindowsException'> (0x00000000e9cef1b0) thrown at [D:\src\AOSP-openjdk-cygwin\jdk8u\hotspot\src\share\vm\prims\jni.cpp, line 710]
Event: 7550.851 Thread 0x00000000198ad000 Exception <a 'sun/nio/fs/WindowsException'> (0x00000000e9cf0490) thrown at [D:\src\AOSP-openjdk-cygwin\jdk8u\hotspot\src\share\vm\prims\jni.cpp, line 710]
Event: 7550.883 Thread 0x000000001846a000 Exception <a 'sun/nio/fs/WindowsException'> (0x00000000e5bc79f0) thrown at [D:\src\AOSP-openjdk-cygwin\jdk8u\hotspot\src\share\vm\prims\jni.cpp, line 710]
Event: 7550.883 Thread 0x000000001846a000 Exception <a 'sun/nio/fs/WindowsException'> (0x00000000e5bc9a10) thrown at [D:\src\AOSP-openjdk-cygwin\jdk8u\hotspot\src\share\vm\prims\jni.cpp, line 710]
Event: 7551.121 Thread 0x00000000198ad000 Exception <a 'sun/nio/fs/WindowsException'> (0x00000000ed1fb7d0) thrown at [D:\src\AOSP-openjdk-cygwin\jdk8u\hotspot\src\share\vm\prims\jni.cpp, line 710]
Event: 7551.121 Thread 0x00000000198ad000 Exception <a 'sun/nio/fs/WindowsException'> (0x00000000ed1fc8a0) thrown at [D:\src\AOSP-openjdk-cygwin\jdk8u\hotspot\src\share\vm\prims\jni.cpp, line 710]

Events (10 events):
Event: 7551.253 Thread 0x000000001846a000 DEOPT UNPACKING pc=0x00000000028c557b sp=0x000000001a4fb0a8 mode 2
Event: 7551.253 Thread 0x000000001846a000 Uncommon trap: trap_request=0xffffff65 fr.pc=0x00000000056a9168
Event: 7551.253 Thread 0x000000001846a000 DEOPT PACKING pc=0x00000000056a9168 sp=0x000000001a4fb210
Event: 7551.253 Thread 0x000000001846a000 DEOPT UNPACKING pc=0x00000000028c557b sp=0x000000001a4fb0e8 mode 2
Event: 7552.080 Executing VM operation: RevokeBias
Event: 7552.081 Executing VM operation: RevokeBias done
Event: 7553.087 Thread 0x00000000161f2800 flushing nmethod 0x00000000029a4e10
Event: 7553.123 Executing VM operation: ParallelGCFailedAllocation
Event: 7553.124 Executing VM operation: ParallelGCFailedAllocation done
Event: 7553.126 Executing VM operation: ParallelGCSystemGC


Dynamic libraries:
0x00007ff7ab780000 - 0x00007ff7ab7b1000 	C:\Program Files\Android\Android Studio\jre\bin\java.exe
0x00007ff9d86f0000 - 0x00007ff9d88e4000 	C:\Windows\SYSTEM32\ntdll.dll
0x00007ff9d6810000 - 0x00007ff9d68cd000 	C:\Windows\System32\KERNEL32.DLL
0x00007ff9d5e40000 - 0x00007ff9d6107000 	C:\Windows\System32\KERNELBASE.dll
0x00007ff9d7850000 - 0x00007ff9d78fa000 	C:\Windows\System32\ADVAPI32.dll
0x00007ff9d7b30000 - 0x00007ff9d7bce000 	C:\Windows\System32\msvcrt.dll
0x00007ff9d76d0000 - 0x00007ff9d776b000 	C:\Windows\System32\sechost.dll
0x00007ff9d7990000 - 0x00007ff9d7ab3000 	C:\Windows\System32\RPCRT4.dll
0x00007ff9d7490000 - 0x00007ff9d7630000 	C:\Windows\System32\USER32.dll
0x00007ff9d6240000 - 0x00007ff9d6262000 	C:\Windows\System32\win32u.dll
0x00007ff9d7630000 - 0x00007ff9d765a000 	C:\Windows\System32\GDI32.dll
0x00007ff9d64d0000 - 0x00007ff9d65d9000 	C:\Windows\System32\gdi32full.dll
0x00007ff9d65e0000 - 0x00007ff9d667d000 	C:\Windows\System32\msvcp_win.dll
0x00007ff9d6110000 - 0x00007ff9d6210000 	C:\Windows\System32\ucrtbase.dll
0x00007ff9d51a0000 - 0x00007ff9d543a000 	C:\Windows\WinSxS\amd64_microsoft.windows.common-controls_6595b64144ccf1df_6.0.19041.1_none_b555e41d4684ddec\COMCTL32.dll
0x00007ff9d7ac0000 - 0x00007ff9d7af0000 	C:\Windows\System32\IMM32.DLL
0x0000000071390000 - 0x0000000071462000 	C:\Program Files\Android\Android Studio\jre\jre\bin\msvcr100.dll
0x0000000071550000 - 0x0000000071d96000 	C:\Program Files\Android\Android Studio\jre\jre\bin\server\jvm.dll
0x00007ff9d76c0000 - 0x00007ff9d76c8000 	C:\Windows\System32\PSAPI.DLL
0x00007ff9d34d0000 - 0x00007ff9d34d9000 	C:\Windows\SYSTEM32\WSOCK32.dll
0x00007ff9d7420000 - 0x00007ff9d748b000 	C:\Windows\System32\WS2_32.dll
0x00007ff9bbd20000 - 0x00007ff9bbd47000 	C:\Windows\SYSTEM32\WINMM.dll
0x00007ff9cae50000 - 0x00007ff9cae5a000 	C:\Windows\SYSTEM32\VERSION.dll
0x00007ff9d34c0000 - 0x00007ff9d34cf000 	C:\Program Files\Android\Android Studio\jre\jre\bin\verify.dll
0x00007ff9d2c70000 - 0x00007ff9d2c99000 	C:\Program Files\Android\Android Studio\jre\jre\bin\java.dll
0x00007ff9d3340000 - 0x00007ff9d3356000 	C:\Program Files\Android\Android Studio\jre\jre\bin\zip.dll
0x00007ff9d6950000 - 0x00007ff9d7081000 	C:\Windows\System32\SHELL32.dll
0x00007ff9d3980000 - 0x00007ff9d410a000 	C:\Windows\SYSTEM32\windows.storage.dll
0x00007ff9d7ca0000 - 0x00007ff9d7ff4000 	C:\Windows\System32\combase.dll
0x00007ff9d5170000 - 0x00007ff9d519b000 	C:\Windows\SYSTEM32\Wldp.dll
0x00007ff9d6760000 - 0x00007ff9d680e000 	C:\Windows\System32\SHCORE.dll
0x00007ff9d72a0000 - 0x00007ff9d72f5000 	C:\Windows\System32\shlwapi.dll
0x00007ff9d5d80000 - 0x00007ff9d5d9f000 	C:\Windows\SYSTEM32\profapi.dll
0x00007ff9d2c50000 - 0x00007ff9d2c6a000 	C:\Program Files\Android\Android Studio\jre\jre\bin\net.dll
0x00007ff9c4f00000 - 0x00007ff9c50ed000 	C:\Windows\SYSTEM32\urlmon.dll
0x00007ff9c4c50000 - 0x00007ff9c4efe000 	C:\Windows\SYSTEM32\iertutil.dll
0x00007ff9d4f10000 - 0x00007ff9d4f7a000 	C:\Windows\system32\mswsock.dll
0x00007ff9d2c30000 - 0x00007ff9d2c43000 	C:\Program Files\Android\Android Studio\jre\jre\bin\nio.dll
0x00007ff9d3900000 - 0x00007ff9d3926000 	C:\Users\aman\.gradle\native\fdc75f09e3144964f2cf3f50f0aa648679c211496f362492102eb8c894070792\windows-amd64\native-platform.dll
0x00007ff9b4e90000 - 0x00007ff9b5021000 	C:\Users\aman\.gradle\native\12488b8bf47d2d4c9fbf2f6322a914ad602e24e48041cd04a747c6da556b65c4\windows-amd64\native-platform-file-events.dll
0x00007ff9d34b0000 - 0x00007ff9d34bd000 	C:\Program Files\Android\Android Studio\jre\jre\bin\management.dll
0x00007ff9d5a30000 - 0x00007ff9d5a48000 	C:\Windows\SYSTEM32\CRYPTSP.dll
0x00007ff9d48a0000 - 0x00007ff9d48d4000 	C:\Windows\system32\rsaenh.dll
0x00007ff9d6210000 - 0x00007ff9d6237000 	C:\Windows\System32\bcrypt.dll
0x00007ff9d5d00000 - 0x00007ff9d5d2e000 	C:\Windows\SYSTEM32\USERENV.dll
0x00007ff9d66e0000 - 0x00007ff9d675f000 	C:\Windows\System32\bcryptprimitives.dll
0x00007ff9d50e0000 - 0x00007ff9d50ec000 	C:\Windows\SYSTEM32\CRYPTBASE.dll
0x00007ff9d4c00000 - 0x00007ff9d4c3b000 	C:\Windows\SYSTEM32\IPHLPAPI.DLL
0x00007ff9d7af0000 - 0x00007ff9d7af9000 	C:\Windows\System32\NSI.dll
0x00007ff9ccd40000 - 0x00007ff9ccd57000 	C:\Windows\SYSTEM32\dhcpcsvc6.DLL
0x00007ff9ccfa0000 - 0x00007ff9ccfbd000 	C:\Windows\SYSTEM32\dhcpcsvc.DLL
0x00007ff9d4c40000 - 0x00007ff9d4d0a000 	C:\Windows\SYSTEM32\DNSAPI.dll
0x00007ff9cd070000 - 0x00007ff9cd07b000 	C:\Windows\SYSTEM32\WINNSI.DLL
0x00007ff9d5800000 - 0x00007ff9d5833000 	C:\Windows\SYSTEM32\ntmarta.dll
0x00007ff9d5840000 - 0x00007ff9d5a24000 	C:\Windows\SYSTEM32\dbghelp.dll

VM Arguments:
jvm_args: -Xmx1536M -Dfile.encoding=windows-1252 -Duser.country=US -Duser.language=en -Duser.variant 
java_command: org.gradle.launcher.daemon.bootstrap.GradleDaemon 6.7
java_class_path (initial): C:\Users\aman\.gradle\wrapper\dists\gradle-6.7-all\cuy9mc7upwgwgeb72wkcrupxe\gradle-6.7\lib\gradle-launcher-6.7.jar
Launcher Type: SUN_STANDARD

Environment Variables:
JAVA_HOME=C:\Program Files\Android\Android Studio\jre
CLASSPATH=E:\My projects\petkon-master\android\\gradle\wrapper\gradle-wrapper.jar
PATH=C:\ProgramData\Oracle\Java\javapath;C:\Windows\system32;C:\Windows;C:\Windows\System32\Wbem;C:\Windows\System32\WindowsPowerShell\v1.0\;C:\Windows\System32\OpenSSH\;C:\Program Files (x86)\ATI Technologies\ATI.ACE\Core-Static;C:\Program Files\Git\cmd;C:\Program Files\Microsoft VS Code\bin;E:\flutter\flutter\bin;E:\flutter\flutter\bin\mingit\cmd
USERNAME=aman
OS=Windows_NT
PROCESSOR_IDENTIFIER=Intel64 Family 6 Model 42 Stepping 7, GenuineIntel



---------------  S Y S T E M  ---------------

OS: Windows 10.0 , 64 bit Build 19041 (10.0.19041.207)

CPU:total 4 (initial active 4) (2 cores per cpu, 2 threads per core) family 6 model 42 stepping 7, cmov, cx8, fxsr, mmx, sse, sse2, sse3, ssse3, sse4.1, sse4.2, popcnt, avx, clmul, ht, tsc, tscinvbit

Memory: 4k page, physical 8331116k(2295696k free), swap 12525420k(4400032k free)

vm_info: OpenJDK 64-Bit Server VM (25.212-b04) for windows-amd64 JRE (1.8.0_212-release-1586-b04), built by "builder" with MS VC++ 10.0 (VS2010)

time: Fri Apr 30 21:20:14 2021
timezone: India Standard Time
elapsed time: 7553 seconds (0d 2h 5m 53s)

